2021-12-09 00:00:13,030 WARN  [org.keycloak.services] (default task-1) KC-SERVICES0091: Request is missing scope 'openid' so it's not treated as OIDC, but just pure OAuth2 request.
2021-12-09 00:15:16,102 WARN  [org.hibernate.engine.jdbc.spi.SqlExceptionHelper] (Timer-2) SQL Error: 0, SQLState: 08S01
2021-12-09 00:15:16,105 ERROR [org.hibernate.engine.jdbc.spi.SqlExceptionHelper] (Timer-2) Read timed out
2021-12-09 00:15:16,134 ERROR [org.keycloak.services] (Timer-2) KC-SERVICES0089: Failed to run scheduled task ClearExpiredEvents: javax.persistence.PersistenceException: org.hibernate.exception.JDBCConnectionException: could not extract ResultSet
	at org.hibernate.internal.ExceptionConverterImpl.convert(ExceptionConverterImpl.java:154)
	at org.hibernate.query.internal.AbstractProducedQuery.list(AbstractProducedQuery.java:1575)
	at org.hibernate.query.Query.getResultList(Query.java:132)
	at org.keycloak.events.jpa.JpaEventStoreProvider.clearExpiredEvents(JpaEventStoreProvider.java:91)
	at org.keycloak.services.scheduled.ClearExpiredEvents.run(ClearExpiredEvents.java:39)
	at org.keycloak.services.scheduled.ClusterAwareScheduledTaskRunner$1.call(ClusterAwareScheduledTaskRunner.java:56)
	at org.keycloak.services.scheduled.ClusterAwareScheduledTaskRunner$1.call(ClusterAwareScheduledTaskRunner.java:52)
	at org.keycloak.cluster.infinispan.InfinispanClusterProvider.executeIfNotExecuted(InfinispanClusterProvider.java:78)
	at org.keycloak.services.scheduled.ClusterAwareScheduledTaskRunner.runTask(ClusterAwareScheduledTaskRunner.java:52)
	at org.keycloak.services.scheduled.ScheduledTaskRunner.run(ScheduledTaskRunner.java:55)
	at org.keycloak.timer.basic.BasicTimerProvider$1.run(BasicTimerProvider.java:53)
	at java.util.TimerThread.mainLoop(Unknown Source)
	at java.util.TimerThread.run(Unknown Source)
Caused by: org.hibernate.exception.JDBCConnectionException: could not extract ResultSet
	at org.hibernate.exception.internal.SQLStateConversionDelegate.convert(SQLStateConversionDelegate.java:115)
	at org.hibernate.exception.internal.StandardSQLExceptionConverter.convert(StandardSQLExceptionConverter.java:42)
	at org.hibernate.engine.jdbc.spi.SqlExceptionHelper.convert(SqlExceptionHelper.java:113)
	at org.hibernate.engine.jdbc.spi.SqlExceptionHelper.convert(SqlExceptionHelper.java:99)
	at org.hibernate.engine.jdbc.internal.ResultSetReturnImpl.extract(ResultSetReturnImpl.java:69)
	at org.hibernate.loader.Loader.getResultSet(Loader.java:2265)
	at org.hibernate.loader.Loader.executeQueryStatement(Loader.java:2028)
	at org.hibernate.loader.Loader.executeQueryStatement(Loader.java:1990)
	at org.hibernate.loader.Loader.doQuery(Loader.java:949)
	at org.hibernate.loader.Loader.doQueryAndInitializeNonLazyCollections(Loader.java:351)
	at org.hibernate.loader.Loader.doList(Loader.java:2787)
	at org.hibernate.loader.Loader.doList(Loader.java:2770)
	at org.hibernate.loader.Loader.listIgnoreQueryCache(Loader.java:2604)
	at org.hibernate.loader.Loader.list(Loader.java:2599)
	at org.hibernate.loader.hql.QueryLoader.list(QueryLoader.java:505)
	at org.hibernate.hql.internal.ast.QueryTranslatorImpl.list(QueryTranslatorImpl.java:395)
	at org.hibernate.engine.query.spi.HQLQueryPlan.performList(HQLQueryPlan.java:220)
	at org.hibernate.internal.SessionImpl.list(SessionImpl.java:1526)
	at org.hibernate.query.internal.AbstractProducedQuery.doList(AbstractProducedQuery.java:1598)
	at org.hibernate.query.internal.AbstractProducedQuery.list(AbstractProducedQuery.java:1566)
	... 11 more
Caused by: com.microsoft.sqlserver.jdbc.SQLServerException: Read timed out
	at com.microsoft.sqlserver.jdbc.SQLServerConnection.terminate(SQLServerConnection.java:2892)
	at com.microsoft.sqlserver.jdbc.TDSChannel.read(IOBuffer.java:2029)
	at com.microsoft.sqlserver.jdbc.TDSReader.readPacket(IOBuffer.java:6418)
	at com.microsoft.sqlserver.jdbc.TDSCommand.startResponse(IOBuffer.java:7579)
	at com.microsoft.sqlserver.jdbc.SQLServerPreparedStatement.doExecutePreparedStatement(SQLServerPreparedStatement.java:590)
	at com.microsoft.sqlserver.jdbc.SQLServerPreparedStatement$PrepStmtExecCmd.doExecute(SQLServerPreparedStatement.java:522)
	at com.microsoft.sqlserver.jdbc.TDSCommand.execute(IOBuffer.java:7194)
	at com.microsoft.sqlserver.jdbc.SQLServerConnection.executeCommand(SQLServerConnection.java:2935)
	at com.microsoft.sqlserver.jdbc.SQLServerStatement.executeCommand(SQLServerStatement.java:248)
	at com.microsoft.sqlserver.jdbc.SQLServerStatement.executeStatement(SQLServerStatement.java:223)
	at com.microsoft.sqlserver.jdbc.SQLServerPreparedStatement.executeQuery(SQLServerPreparedStatement.java:444)
	at org.jboss.jca.adapters.jdbc.WrappedPreparedStatement.executeQuery(WrappedPreparedStatement.java:504)
	at org.hibernate.engine.jdbc.internal.ResultSetReturnImpl.extract(ResultSetReturnImpl.java:60)
	... 26 more
Caused by: java.net.SocketTimeoutException: Read timed out
	at java.net.SocketInputStream.socketRead0(Native Method)
	at java.net.SocketInputStream.socketRead(Unknown Source)
	at java.net.SocketInputStream.read(Unknown Source)
	at java.net.SocketInputStream.read(Unknown Source)
	at com.microsoft.sqlserver.jdbc.TDSChannel.read(IOBuffer.java:2023)
	... 37 more

2021-12-09 00:15:16,152 WARN  [org.hibernate.engine.jdbc.spi.SqlExceptionHelper] (Timer-2) SQL Error: 0, SQLState: null
2021-12-09 00:15:16,154 ERROR [org.hibernate.engine.jdbc.spi.SqlExceptionHelper] (Timer-2) The connection is closed.
2021-12-09 00:15:16,157 ERROR [org.keycloak.services] (Timer-2) KC-SERVICES0089: Failed to run scheduled task ClearExpiredUserSessions: org.hibernate.exception.GenericJDBCException: could not prepare statement
	at org.hibernate.exception.internal.StandardSQLExceptionConverter.convert(StandardSQLExceptionConverter.java:47)
	at org.hibernate.engine.jdbc.spi.SqlExceptionHelper.convert(SqlExceptionHelper.java:113)
	at org.hibernate.engine.jdbc.internal.StatementPreparerImpl$StatementPreparationTemplate.prepareStatement(StatementPreparerImpl.java:186)
	at org.hibernate.engine.jdbc.internal.StatementPreparerImpl.prepareQueryStatement(StatementPreparerImpl.java:151)
	at org.hibernate.loader.Loader.prepareQueryStatement(Loader.java:2082)
	at org.hibernate.loader.Loader.executeQueryStatement(Loader.java:2012)
	at org.hibernate.loader.Loader.executeQueryStatement(Loader.java:1990)
	at org.hibernate.loader.Loader.scroll(Loader.java:2863)
	at org.hibernate.loader.hql.QueryLoader.scroll(QueryLoader.java:574)
	at org.hibernate.hql.internal.ast.QueryTranslatorImpl.scroll(QueryTranslatorImpl.java:447)
	at org.hibernate.engine.query.spi.HQLQueryPlan.performScroll(HQLQueryPlan.java:354)
	at org.hibernate.internal.SessionImpl.scroll(SessionImpl.java:1658)
	at org.hibernate.query.internal.AbstractProducedQuery.doScroll(AbstractProducedQuery.java:1537)
	at org.hibernate.query.internal.AbstractProducedQuery.scroll(AbstractProducedQuery.java:1523)
	at org.hibernate.query.internal.AbstractProducedQuery.stream(AbstractProducedQuery.java:1547)
	at org.hibernate.query.Query.getResultStream(Query.java:1107)
	at org.keycloak.models.jpa.JpaRealmProvider.getRealms(JpaRealmProvider.java:144)
	at org.keycloak.models.jpa.JpaRealmProvider.getRealmsStream(JpaRealmProvider.java:140)
	at org.keycloak.models.cache.infinispan.RealmCacheSession.getRealmsStream(RealmCacheSession.java:480)
	at org.keycloak.models.sessions.infinispan.InfinispanUserSessionProvider.removeAllExpired(InfinispanUserSessionProvider.java:586)
	at org.keycloak.services.scheduled.ClearExpiredUserSessions.run(ClearExpiredUserSessions.java:39)
	at org.keycloak.services.scheduled.ScheduledTaskRunner.runTask(ScheduledTaskRunner.java:74)
	at org.keycloak.services.scheduled.ScheduledTaskRunner.run(ScheduledTaskRunner.java:55)
	at org.keycloak.timer.basic.BasicTimerProvider$1.run(BasicTimerProvider.java:53)
	at java.util.TimerThread.mainLoop(Unknown Source)
	at java.util.TimerThread.run(Unknown Source)
Caused by: com.microsoft.sqlserver.jdbc.SQLServerException: The connection is closed.
	at com.microsoft.sqlserver.jdbc.SQLServerException.makeFromDriverError(SQLServerException.java:234)
	at com.microsoft.sqlserver.jdbc.SQLServerConnection.checkClosed(SQLServerConnection.java:1088)
	at com.microsoft.sqlserver.jdbc.SQLServerConnection.prepareStatement(SQLServerConnection.java:3409)
	at org.jboss.jca.adapters.jdbc.BaseWrapperManagedConnection.doPrepareStatement(BaseWrapperManagedConnection.java:761)
	at org.jboss.jca.adapters.jdbc.BaseWrapperManagedConnection.prepareStatement(BaseWrapperManagedConnection.java:747)
	at org.jboss.jca.adapters.jdbc.WrappedConnection$4.produce(WrappedConnection.java:483)
	at org.jboss.jca.adapters.jdbc.WrappedConnection$4.produce(WrappedConnection.java:481)
	at org.jboss.jca.adapters.jdbc.SecurityActions.executeInTccl(SecurityActions.java:98)
	at org.jboss.jca.adapters.jdbc.WrappedConnection.prepareStatement(WrappedConnection.java:481)
	at org.hibernate.engine.jdbc.internal.StatementPreparerImpl$5.doPrepare(StatementPreparerImpl.java:149)
	at org.hibernate.engine.jdbc.internal.StatementPreparerImpl$StatementPreparationTemplate.prepareStatement(StatementPreparerImpl.java:176)
	... 23 more

2021-12-09 00:15:16,167 WARN  [org.hibernate.engine.jdbc.spi.SqlExceptionHelper] (Timer-2) SQL Error: 0, SQLState: null
2021-12-09 00:15:16,167 ERROR [org.hibernate.engine.jdbc.spi.SqlExceptionHelper] (Timer-2) The connection is closed.
2021-12-09 00:15:16,168 ERROR [org.keycloak.services] (Timer-2) KC-SERVICES0089: Failed to run scheduled task ClearExpiredClientInitialAccessTokens: javax.persistence.PersistenceException: org.hibernate.exception.GenericJDBCException: could not prepare statement
	at org.hibernate.internal.ExceptionConverterImpl.convert(ExceptionConverterImpl.java:154)
	at org.hibernate.internal.ExceptionConverterImpl.convert(ExceptionConverterImpl.java:181)
	at org.hibernate.query.internal.AbstractProducedQuery.executeUpdate(AbstractProducedQuery.java:1654)
	at org.keycloak.models.jpa.JpaRealmProvider.removeExpiredClientInitialAccess(JpaRealmProvider.java:936)
	at org.keycloak.models.cache.infinispan.RealmCacheSession.removeExpiredClientInitialAccess(RealmCacheSession.java:1381)
	at org.keycloak.services.scheduled.ClearExpiredClientInitialAccessTokens.run(ClearExpiredClientInitialAccessTokens.java:30)
	at org.keycloak.services.scheduled.ClusterAwareScheduledTaskRunner$1.call(ClusterAwareScheduledTaskRunner.java:56)
	at org.keycloak.services.scheduled.ClusterAwareScheduledTaskRunner$1.call(ClusterAwareScheduledTaskRunner.java:52)
	at org.keycloak.cluster.infinispan.InfinispanClusterProvider.executeIfNotExecuted(InfinispanClusterProvider.java:78)
	at org.keycloak.services.scheduled.ClusterAwareScheduledTaskRunner.runTask(ClusterAwareScheduledTaskRunner.java:52)
	at org.keycloak.services.scheduled.ScheduledTaskRunner.run(ScheduledTaskRunner.java:55)
	at org.keycloak.timer.basic.BasicTimerProvider$1.run(BasicTimerProvider.java:53)
	at java.util.TimerThread.mainLoop(Unknown Source)
	at java.util.TimerThread.run(Unknown Source)
Caused by: org.hibernate.exception.GenericJDBCException: could not prepare statement
	at org.hibernate.exception.internal.StandardSQLExceptionConverter.convert(StandardSQLExceptionConverter.java:47)
	at org.hibernate.engine.jdbc.spi.SqlExceptionHelper.convert(SqlExceptionHelper.java:113)
	at org.hibernate.engine.jdbc.internal.StatementPreparerImpl$StatementPreparationTemplate.prepareStatement(StatementPreparerImpl.java:186)
	at org.hibernate.engine.jdbc.internal.StatementPreparerImpl.prepareStatement(StatementPreparerImpl.java:81)
	at org.hibernate.hql.internal.ast.exec.BasicExecutor.doExecute(BasicExecutor.java:87)
	at org.hibernate.hql.internal.ast.exec.BasicExecutor.execute(BasicExecutor.java:59)
	at org.hibernate.hql.internal.ast.exec.DeleteExecutor.execute(DeleteExecutor.java:109)
	at org.hibernate.hql.internal.ast.QueryTranslatorImpl.executeUpdate(QueryTranslatorImpl.java:453)
	at org.hibernate.engine.query.spi.HQLQueryPlan.performExecuteUpdate(HQLQueryPlan.java:378)
	at org.hibernate.internal.SessionImpl.executeUpdate(SessionImpl.java:1550)
	at org.hibernate.query.internal.AbstractProducedQuery.doExecuteUpdate(AbstractProducedQuery.java:1663)
	at org.hibernate.query.internal.AbstractProducedQuery.executeUpdate(AbstractProducedQuery.java:1645)
	... 11 more
Caused by: com.microsoft.sqlserver.jdbc.SQLServerException: The connection is closed.
	at com.microsoft.sqlserver.jdbc.SQLServerException.makeFromDriverError(SQLServerException.java:234)
	at com.microsoft.sqlserver.jdbc.SQLServerConnection.checkClosed(SQLServerConnection.java:1088)
	at com.microsoft.sqlserver.jdbc.SQLServerConnection.prepareStatement(SQLServerConnection.java:3409)
	at org.jboss.jca.adapters.jdbc.BaseWrapperManagedConnection.doPrepareStatement(BaseWrapperManagedConnection.java:761)
	at org.jboss.jca.adapters.jdbc.BaseWrapperManagedConnection.prepareStatement(BaseWrapperManagedConnection.java:747)
	at org.jboss.jca.adapters.jdbc.WrappedConnection$4.produce(WrappedConnection.java:483)
	at org.jboss.jca.adapters.jdbc.WrappedConnection$4.produce(WrappedConnection.java:481)
	at org.jboss.jca.adapters.jdbc.SecurityActions.executeInTccl(SecurityActions.java:98)
	at org.jboss.jca.adapters.jdbc.WrappedConnection.prepareStatement(WrappedConnection.java:481)
	at org.hibernate.engine.jdbc.internal.StatementPreparerImpl$1.doPrepare(StatementPreparerImpl.java:90)
	at org.hibernate.engine.jdbc.internal.StatementPreparerImpl$StatementPreparationTemplate.prepareStatement(StatementPreparerImpl.java:176)
	... 20 more

2021-12-09 00:15:40,979 WARN  [org.hibernate.engine.jdbc.spi.SqlExceptionHelper] (default task-1) SQL Error: 0, SQLState: null
2021-12-09 00:15:40,979 ERROR [org.hibernate.engine.jdbc.spi.SqlExceptionHelper] (default task-1) The connection is closed.
2021-12-09 00:15:40,980 WARN  [org.keycloak.services] (default task-1) KC-SERVICES0013: Failed authentication: org.hibernate.exception.GenericJDBCException: could not prepare statement
	at org.hibernate.exception.internal.StandardSQLExceptionConverter.convert(StandardSQLExceptionConverter.java:47)
	at org.hibernate.engine.jdbc.spi.SqlExceptionHelper.convert(SqlExceptionHelper.java:113)
	at org.hibernate.engine.jdbc.internal.StatementPreparerImpl$StatementPreparationTemplate.prepareStatement(StatementPreparerImpl.java:186)
	at org.hibernate.engine.jdbc.internal.StatementPreparerImpl.prepareQueryStatement(StatementPreparerImpl.java:151)
	at org.hibernate.loader.Loader.prepareQueryStatement(Loader.java:2082)
	at org.hibernate.loader.Loader.executeQueryStatement(Loader.java:2012)
	at org.hibernate.loader.Loader.executeQueryStatement(Loader.java:1990)
	at org.hibernate.loader.Loader.scroll(Loader.java:2863)
	at org.hibernate.loader.hql.QueryLoader.scroll(QueryLoader.java:574)
	at org.hibernate.hql.internal.ast.QueryTranslatorImpl.scroll(QueryTranslatorImpl.java:447)
	at org.hibernate.engine.query.spi.HQLQueryPlan.performScroll(HQLQueryPlan.java:354)
	at org.hibernate.internal.SessionImpl.scroll(SessionImpl.java:1658)
	at org.hibernate.query.internal.AbstractProducedQuery.doScroll(AbstractProducedQuery.java:1537)
	at org.hibernate.query.internal.AbstractProducedQuery.scroll(AbstractProducedQuery.java:1523)
	at org.hibernate.query.internal.AbstractProducedQuery.stream(AbstractProducedQuery.java:1547)
	at org.hibernate.query.Query.getResultStream(Query.java:1107)
	at org.keycloak.models.jpa.JpaUserCredentialStore.getStoredCredentialEntities(JpaUserCredentialStore.java:121)
	at org.keycloak.models.jpa.JpaUserCredentialStore.getStoredCredentialsStream(JpaUserCredentialStore.java:114)
	at org.keycloak.models.jpa.JpaUserCredentialStore.getStoredCredentialsByTypeStream(JpaUserCredentialStore.java:126)
	at org.keycloak.models.jpa.JpaUserProvider.getStoredCredentialsByTypeStream(JpaUserProvider.java:984)
	at org.keycloak.credential.UserCredentialStoreManager.getStoredCredentialsByTypeStream(UserCredentialStoreManager.java:94)
	at org.keycloak.credential.OTPCredentialProvider.isConfiguredFor(OTPCredentialProvider.java:95)
	at org.keycloak.credential.UserCredentialStoreManager.lambda$isConfiguredLocally$12(UserCredentialStoreManager.java:269)
	at java.util.stream.MatchOps$1MatchSink.accept(Unknown Source)
	at java.util.stream.ReferencePipeline$3$1.accept(Unknown Source)
	at java.util.stream.ReferencePipeline$2$1.accept(Unknown Source)
	at java.util.HashMap$ValueSpliterator.tryAdvance(Unknown Source)
	at java.util.stream.ReferencePipeline.forEachWithCancel(Unknown Source)
	at java.util.stream.AbstractPipeline.copyIntoWithCancel(Unknown Source)
	at java.util.stream.AbstractPipeline.copyInto(Unknown Source)
	at java.util.stream.AbstractPipeline.wrapAndCopyInto(Unknown Source)
	at java.util.stream.MatchOps$MatchOp.evaluateSequential(Unknown Source)
	at java.util.stream.MatchOps$MatchOp.evaluateSequential(Unknown Source)
	at java.util.stream.AbstractPipeline.evaluate(Unknown Source)
	at java.util.stream.ReferencePipeline.anyMatch(Unknown Source)
	at org.keycloak.credential.UserCredentialStoreManager.isConfiguredLocally(UserCredentialStoreManager.java:269)
	at org.keycloak.credential.UserCredentialStoreManager.isConfiguredFor(UserCredentialStoreManager.java:240)
	at org.keycloak.authentication.authenticators.browser.OTPFormAuthenticator.configuredFor(OTPFormAuthenticator.java:134)
	at org.keycloak.authentication.authenticators.conditional.ConditionalUserConfiguredAuthenticator.isConfiguredFor(ConditionalUserConfiguredAuthenticator.java:61)
	at org.keycloak.authentication.authenticators.conditional.ConditionalUserConfiguredAuthenticator.lambda$matchConditionInFlow$3(ConditionalUserConfiguredAuthenticator.java:38)
	at java.util.stream.MatchOps$1MatchSink.accept(Unknown Source)
	at java.util.LinkedList$LLSpliterator.tryAdvance(Unknown Source)
	at java.util.stream.ReferencePipeline.forEachWithCancel(Unknown Source)
	at java.util.stream.AbstractPipeline.copyIntoWithCancel(Unknown Source)
	at java.util.stream.AbstractPipeline.copyInto(Unknown Source)
	at java.util.stream.AbstractPipeline.wrapAndCopyInto(Unknown Source)
	at java.util.stream.MatchOps$MatchOp.evaluateSequential(Unknown Source)
	at java.util.stream.MatchOps$MatchOp.evaluateSequential(Unknown Source)
	at java.util.stream.AbstractPipeline.evaluate(Unknown Source)
	at java.util.stream.ReferencePipeline.allMatch(Unknown Source)
	at org.keycloak.authentication.authenticators.conditional.ConditionalUserConfiguredAuthenticator.matchConditionInFlow(ConditionalUserConfiguredAuthenticator.java:38)
	at org.keycloak.authentication.authenticators.conditional.ConditionalUserConfiguredAuthenticator.matchCondition(ConditionalUserConfiguredAuthenticator.java:20)
	at org.keycloak.authentication.DefaultAuthenticationFlow.conditionalNotMatched(DefaultAuthenticationFlow.java:366)
	at org.keycloak.authentication.DefaultAuthenticationFlow.lambda$isConditionalSubflowDisabled$5(DefaultAuthenticationFlow.java:338)
	at java.util.stream.MatchOps$1MatchSink.accept(Unknown Source)
	at java.util.ArrayList$ArrayListSpliterator.tryAdvance(Unknown Source)
	at java.util.stream.ReferencePipeline.forEachWithCancel(Unknown Source)
	at java.util.stream.AbstractPipeline.copyIntoWithCancel(Unknown Source)
	at java.util.stream.AbstractPipeline.copyInto(Unknown Source)
	at java.util.stream.AbstractPipeline.wrapAndCopyInto(Unknown Source)
	at java.util.stream.MatchOps$MatchOp.evaluateSequential(Unknown Source)
	at java.util.stream.MatchOps$MatchOp.evaluateSequential(Unknown Source)
	at java.util.stream.AbstractPipeline.evaluate(Unknown Source)
	at java.util.stream.ReferencePipeline.anyMatch(Unknown Source)
	at org.keycloak.authentication.DefaultAuthenticationFlow.isConditionalSubflowDisabled(DefaultAuthenticationFlow.java:338)
	at org.keycloak.authentication.DefaultAuthenticationFlow.processFlow(DefaultAuthenticationFlow.java:249)
	at org.keycloak.authentication.DefaultAuthenticationFlow.processSingleFlowExecutionModel(DefaultAuthenticationFlow.java:389)
	at org.keycloak.authentication.DefaultAuthenticationFlow.continueAuthenticationAfterSuccessfulAction(DefaultAuthenticationFlow.java:186)
	at org.keycloak.authentication.DefaultAuthenticationFlow.processAction(DefaultAuthenticationFlow.java:164)
	at org.keycloak.authentication.AuthenticationProcessor.authenticationAction(AuthenticationProcessor.java:950)
	at org.keycloak.services.resources.LoginActionsService.processFlow(LoginActionsService.java:312)
	at org.keycloak.services.resources.LoginActionsService.processAuthentication(LoginActionsService.java:283)
	at org.keycloak.services.resources.LoginActionsService.authenticate(LoginActionsService.java:267)
	at org.keycloak.services.resources.LoginActionsService.authenticateForm(LoginActionsService.java:340)
	at sun.reflect.NativeMethodAccessorImpl.invoke0(Native Method)
	at sun.reflect.NativeMethodAccessorImpl.invoke(Unknown Source)
	at sun.reflect.DelegatingMethodAccessorImpl.invoke(Unknown Source)
	at java.lang.reflect.Method.invoke(Unknown Source)
	at org.jboss.resteasy.core.MethodInjectorImpl.invoke(MethodInjectorImpl.java:138)
	at org.jboss.resteasy.core.ResourceMethodInvoker.internalInvokeOnTarget(ResourceMethodInvoker.java:546)
	at org.jboss.resteasy.core.ResourceMethodInvoker.invokeOnTargetAfterFilter(ResourceMethodInvoker.java:435)
	at org.jboss.resteasy.core.ResourceMethodInvoker.lambda$invokeOnTarget$0(ResourceMethodInvoker.java:396)
	at org.jboss.resteasy.core.interception.PreMatchContainerRequestContext.filter(PreMatchContainerRequestContext.java:358)
	at org.jboss.resteasy.core.ResourceMethodInvoker.invokeOnTarget(ResourceMethodInvoker.java:398)
	at org.jboss.resteasy.core.ResourceMethodInvoker.invoke(ResourceMethodInvoker.java:365)
	at org.jboss.resteasy.core.ResourceLocatorInvoker.invokeOnTargetObject(ResourceLocatorInvoker.java:150)
	at org.jboss.resteasy.core.ResourceLocatorInvoker.invoke(ResourceLocatorInvoker.java:104)
	at org.jboss.resteasy.core.SynchronousDispatcher.invoke(SynchronousDispatcher.java:440)
	at org.jboss.resteasy.core.SynchronousDispatcher.lambda$invoke$4(SynchronousDispatcher.java:229)
	at org.jboss.resteasy.core.SynchronousDispatcher.lambda$preprocess$0(SynchronousDispatcher.java:135)
	at org.jboss.resteasy.core.interception.PreMatchContainerRequestContext.filter(PreMatchContainerRequestContext.java:358)
	at org.jboss.resteasy.core.SynchronousDispatcher.preprocess(SynchronousDispatcher.java:138)
	at org.jboss.resteasy.core.SynchronousDispatcher.invoke(SynchronousDispatcher.java:215)
	at org.jboss.resteasy.plugins.server.servlet.ServletContainerDispatcher.service(ServletContainerDispatcher.java:245)
	at org.jboss.resteasy.plugins.server.servlet.HttpServletDispatcher.service(HttpServletDispatcher.java:61)
	at org.jboss.resteasy.plugins.server.servlet.HttpServletDispatcher.service(HttpServletDispatcher.java:56)
	at javax.servlet.http.HttpServlet.service(HttpServlet.java:590)
	at io.undertow.servlet.handlers.ServletHandler.handleRequest(ServletHandler.java:74)
	at io.undertow.servlet.handlers.FilterHandler$FilterChainImpl.doFilter(FilterHandler.java:129)
	at org.keycloak.provider.wildfly.WildFlyRequestFilter.lambda$doFilter$0(WildFlyRequestFilter.java:41)
	at org.keycloak.services.filters.AbstractRequestFilter.filter(AbstractRequestFilter.java:43)
	at org.keycloak.provider.wildfly.WildFlyRequestFilter.doFilter(WildFlyRequestFilter.java:39)
	at io.undertow.servlet.core.ManagedFilter.doFilter(ManagedFilter.java:61)
	at io.undertow.servlet.handlers.FilterHandler$FilterChainImpl.doFilter(FilterHandler.java:131)
	at io.undertow.servlet.handlers.FilterHandler.handleRequest(FilterHandler.java:84)
	at io.undertow.servlet.handlers.security.ServletSecurityRoleHandler.handleRequest(ServletSecurityRoleHandler.java:62)
	at io.undertow.servlet.handlers.ServletChain$1.handleRequest(ServletChain.java:68)
	at io.undertow.servlet.handlers.ServletDispatchingHandler.handleRequest(ServletDispatchingHandler.java:36)
	at org.wildfly.extension.undertow.security.SecurityContextAssociationHandler.handleRequest(SecurityContextAssociationHandler.java:78)
	at io.undertow.server.handlers.PredicateHandler.handleRequest(PredicateHandler.java:43)
	at io.undertow.servlet.handlers.RedirectDirHandler.handleRequest(RedirectDirHandler.java:68)
	at io.undertow.servlet.handlers.security.SSLInformationAssociationHandler.handleRequest(SSLInformationAssociationHandler.java:117)
	at io.undertow.servlet.handlers.security.ServletAuthenticationCallHandler.handleRequest(ServletAuthenticationCallHandler.java:57)
	at io.undertow.server.handlers.PredicateHandler.handleRequest(PredicateHandler.java:43)
	at io.undertow.security.handlers.AbstractConfidentialityHandler.handleRequest(AbstractConfidentialityHandler.java:46)
	at io.undertow.servlet.handlers.security.ServletConfidentialityConstraintHandler.handleRequest(ServletConfidentialityConstraintHandler.java:64)
	at io.undertow.security.handlers.AuthenticationMechanismsHandler.handleRequest(AuthenticationMechanismsHandler.java:60)
	at io.undertow.servlet.handlers.security.CachedAuthenticatedSessionHandler.handleRequest(CachedAuthenticatedSessionHandler.java:77)
	at io.undertow.security.handlers.NotificationReceiverHandler.handleRequest(NotificationReceiverHandler.java:50)
	at io.undertow.security.handlers.AbstractSecurityContextAssociationHandler.handleRequest(AbstractSecurityContextAssociationHandler.java:43)
	at io.undertow.server.handlers.PredicateHandler.handleRequest(PredicateHandler.java:43)
	at org.wildfly.extension.undertow.security.jacc.JACCContextIdHandler.handleRequest(JACCContextIdHandler.java:61)
	at io.undertow.server.handlers.PredicateHandler.handleRequest(PredicateHandler.java:43)
	at org.wildfly.extension.undertow.deployment.GlobalRequestControllerHandler.handleRequest(GlobalRequestControllerHandler.java:68)
	at io.undertow.servlet.handlers.SendErrorPageHandler.handleRequest(SendErrorPageHandler.java:52)
	at io.undertow.server.handlers.PredicateHandler.handleRequest(PredicateHandler.java:43)
	at io.undertow.servlet.handlers.ServletInitialHandler.handleFirstRequest(ServletInitialHandler.java:269)
	at io.undertow.servlet.handlers.ServletInitialHandler.access$100(ServletInitialHandler.java:78)
	at io.undertow.servlet.handlers.ServletInitialHandler$2.call(ServletInitialHandler.java:133)
	at io.undertow.servlet.handlers.ServletInitialHandler$2.call(ServletInitialHandler.java:130)
	at io.undertow.servlet.core.ServletRequestContextThreadSetupAction$1.call(ServletRequestContextThreadSetupAction.java:48)
	at io.undertow.servlet.core.ContextClassLoaderSetupAction$1.call(ContextClassLoaderSetupAction.java:43)
	at org.wildfly.extension.undertow.security.SecurityContextThreadSetupAction.lambda$create$0(SecurityContextThreadSetupAction.java:105)
	at org.wildfly.extension.undertow.deployment.UndertowDeploymentInfoService$UndertowThreadSetupAction.lambda$create$0(UndertowDeploymentInfoService.java:1530)
	at org.wildfly.extension.undertow.deployment.UndertowDeploymentInfoService$UndertowThreadSetupAction.lambda$create$0(UndertowDeploymentInfoService.java:1530)
	at org.wildfly.extension.undertow.deployment.UndertowDeploymentInfoService$UndertowThreadSetupAction.lambda$create$0(UndertowDeploymentInfoService.java:1530)
	at org.wildfly.extension.undertow.deployment.UndertowDeploymentInfoService$UndertowThreadSetupAction.lambda$create$0(UndertowDeploymentInfoService.java:1530)
	at io.undertow.servlet.handlers.ServletInitialHandler.dispatchRequest(ServletInitialHandler.java:249)
	at io.undertow.servlet.handlers.ServletInitialHandler.access$000(ServletInitialHandler.java:78)
	at io.undertow.servlet.handlers.ServletInitialHandler$1.handleRequest(ServletInitialHandler.java:99)
	at io.undertow.server.Connectors.executeRootHandler(Connectors.java:387)
	at io.undertow.server.HttpServerExchange$1.run(HttpServerExchange.java:841)
	at org.jboss.threads.ContextClassLoaderSavingRunnable.run(ContextClassLoaderSavingRunnable.java:35)
	at org.jboss.threads.EnhancedQueueExecutor.safeRun(EnhancedQueueExecutor.java:1990)
	at org.jboss.threads.EnhancedQueueExecutor$ThreadBody.doRunTask(EnhancedQueueExecutor.java:1486)
	at org.jboss.threads.EnhancedQueueExecutor$ThreadBody.run(EnhancedQueueExecutor.java:1377)
	at org.xnio.XnioWorker$WorkerThreadFactory$1$1.run(XnioWorker.java:1280)
	at java.lang.Thread.run(Unknown Source)
Caused by: com.microsoft.sqlserver.jdbc.SQLServerException: The connection is closed.
	at com.microsoft.sqlserver.jdbc.SQLServerException.makeFromDriverError(SQLServerException.java:234)
	at com.microsoft.sqlserver.jdbc.SQLServerConnection.checkClosed(SQLServerConnection.java:1088)
	at com.microsoft.sqlserver.jdbc.SQLServerConnection.prepareStatement(SQLServerConnection.java:3409)
	at org.jboss.jca.adapters.jdbc.BaseWrapperManagedConnection.doPrepareStatement(BaseWrapperManagedConnection.java:761)
	at org.jboss.jca.adapters.jdbc.BaseWrapperManagedConnection.prepareStatement(BaseWrapperManagedConnection.java:747)
	at org.jboss.jca.adapters.jdbc.WrappedConnection$4.produce(WrappedConnection.java:483)
	at org.jboss.jca.adapters.jdbc.WrappedConnection$4.produce(WrappedConnection.java:481)
	at org.jboss.jca.adapters.jdbc.SecurityActions.executeInTccl(SecurityActions.java:98)
	at org.jboss.jca.adapters.jdbc.WrappedConnection.prepareStatement(WrappedConnection.java:481)
	at org.hibernate.engine.jdbc.internal.StatementPreparerImpl$5.doPrepare(StatementPreparerImpl.java:149)
	at org.hibernate.engine.jdbc.internal.StatementPreparerImpl$StatementPreparationTemplate.prepareStatement(StatementPreparerImpl.java:176)
	... 145 more

2021-12-09 00:15:41,015 WARN  [com.arjuna.ats.jta] (default task-1) ARJUNA016039: onePhaseCommit on < formatId=131077, gtrid_length=29, bqual_length=36, tx_uid=0:ffffc0a8006a:-2179b6c8:61b10e82:312, node_name=1, branch_uid=0:ffffc0a8006a:-2179b6c8:61b10e82:31a, subordinatenodename=null, eis_name=java:jboss/datasources/KeycloakDS > (LocalXAResourceImpl@22eb1a14[connectionListener=465c325b connectionManager=2ddb4eb7 warned=false currentXid=null productName=Microsoft SQL Server productVersion=15.00.2080 jndiName=java:jboss/datasources/KeycloakDS]) failed with exception XAException.XA_RBROLLBACK: org.jboss.jca.core.spi.transaction.local.LocalXAException: IJ001156: Could not commit local transaction
	at org.jboss.jca.core.tx.jbossts.LocalXAResourceImpl.commit(LocalXAResourceImpl.java:182)
	at com.arjuna.ats.internal.jta.resources.arjunacore.XAOnePhaseResource.commit(XAOnePhaseResource.java:120)
	at com.arjuna.ats.internal.arjuna.abstractrecords.LastResourceRecord.topLevelOnePhaseCommit(LastResourceRecord.java:172)
	at com.arjuna.ats.arjuna.coordinator.BasicAction.onePhaseCommit(BasicAction.java:2395)
	at com.arjuna.ats.arjuna.coordinator.BasicAction.End(BasicAction.java:1497)
	at com.arjuna.ats.arjuna.coordinator.TwoPhaseCoordinator.end(TwoPhaseCoordinator.java:96)
	at com.arjuna.ats.arjuna.AtomicAction.commit(AtomicAction.java:162)
	at com.arjuna.ats.internal.jta.transaction.arjunacore.TransactionImple.commitAndDisassociate(TransactionImple.java:1295)
	at com.arjuna.ats.internal.jta.transaction.arjunacore.BaseTransaction.commit(BaseTransaction.java:126)
	at com.arjuna.ats.jbossatx.BaseTransactionManagerDelegate.commit(BaseTransactionManagerDelegate.java:94)
	at org.wildfly.transaction.client.LocalTransaction.commitAndDissociate(LocalTransaction.java:78)
	at org.wildfly.transaction.client.ContextTransactionManager.commit(ContextTransactionManager.java:71)
	at org.keycloak.transaction.JtaTransactionWrapper.commit(JtaTransactionWrapper.java:90)
	at org.keycloak.services.DefaultKeycloakTransactionManager.commit(DefaultKeycloakTransactionManager.java:136)
	at org.keycloak.services.filters.AbstractRequestFilter.close(AbstractRequestFilter.java:64)
	at org.keycloak.services.filters.AbstractRequestFilter.filter(AbstractRequestFilter.java:49)
	at org.keycloak.provider.wildfly.WildFlyRequestFilter.doFilter(WildFlyRequestFilter.java:39)
	at io.undertow.servlet.core.ManagedFilter.doFilter(ManagedFilter.java:61)
	at io.undertow.servlet.handlers.FilterHandler$FilterChainImpl.doFilter(FilterHandler.java:131)
	at io.undertow.servlet.handlers.FilterHandler.handleRequest(FilterHandler.java:84)
	at io.undertow.servlet.handlers.security.ServletSecurityRoleHandler.handleRequest(ServletSecurityRoleHandler.java:62)
	at io.undertow.servlet.handlers.ServletChain$1.handleRequest(ServletChain.java:68)
	at io.undertow.servlet.handlers.ServletDispatchingHandler.handleRequest(ServletDispatchingHandler.java:36)
	at org.wildfly.extension.undertow.security.SecurityContextAssociationHandler.handleRequest(SecurityContextAssociationHandler.java:78)
	at io.undertow.server.handlers.PredicateHandler.handleRequest(PredicateHandler.java:43)
	at io.undertow.servlet.handlers.RedirectDirHandler.handleRequest(RedirectDirHandler.java:68)
	at io.undertow.servlet.handlers.security.SSLInformationAssociationHandler.handleRequest(SSLInformationAssociationHandler.java:117)
	at io.undertow.servlet.handlers.security.ServletAuthenticationCallHandler.handleRequest(ServletAuthenticationCallHandler.java:57)
	at io.undertow.server.handlers.PredicateHandler.handleRequest(PredicateHandler.java:43)
	at io.undertow.security.handlers.AbstractConfidentialityHandler.handleRequest(AbstractConfidentialityHandler.java:46)
	at io.undertow.servlet.handlers.security.ServletConfidentialityConstraintHandler.handleRequest(ServletConfidentialityConstraintHandler.java:64)
	at io.undertow.security.handlers.AuthenticationMechanismsHandler.handleRequest(AuthenticationMechanismsHandler.java:60)
	at io.undertow.servlet.handlers.security.CachedAuthenticatedSessionHandler.handleRequest(CachedAuthenticatedSessionHandler.java:77)
	at io.undertow.security.handlers.NotificationReceiverHandler.handleRequest(NotificationReceiverHandler.java:50)
	at io.undertow.security.handlers.AbstractSecurityContextAssociationHandler.handleRequest(AbstractSecurityContextAssociationHandler.java:43)
	at io.undertow.server.handlers.PredicateHandler.handleRequest(PredicateHandler.java:43)
	at org.wildfly.extension.undertow.security.jacc.JACCContextIdHandler.handleRequest(JACCContextIdHandler.java:61)
	at io.undertow.server.handlers.PredicateHandler.handleRequest(PredicateHandler.java:43)
	at org.wildfly.extension.undertow.deployment.GlobalRequestControllerHandler.handleRequest(GlobalRequestControllerHandler.java:68)
	at io.undertow.servlet.handlers.SendErrorPageHandler.handleRequest(SendErrorPageHandler.java:52)
	at io.undertow.server.handlers.PredicateHandler.handleRequest(PredicateHandler.java:43)
	at io.undertow.servlet.handlers.ServletInitialHandler.handleFirstRequest(ServletInitialHandler.java:269)
	at io.undertow.servlet.handlers.ServletInitialHandler.access$100(ServletInitialHandler.java:78)
	at io.undertow.servlet.handlers.ServletInitialHandler$2.call(ServletInitialHandler.java:133)
	at io.undertow.servlet.handlers.ServletInitialHandler$2.call(ServletInitialHandler.java:130)
	at io.undertow.servlet.core.ServletRequestContextThreadSetupAction$1.call(ServletRequestContextThreadSetupAction.java:48)
	at io.undertow.servlet.core.ContextClassLoaderSetupAction$1.call(ContextClassLoaderSetupAction.java:43)
	at org.wildfly.extension.undertow.security.SecurityContextThreadSetupAction.lambda$create$0(SecurityContextThreadSetupAction.java:105)
	at org.wildfly.extension.undertow.deployment.UndertowDeploymentInfoService$UndertowThreadSetupAction.lambda$create$0(UndertowDeploymentInfoService.java:1530)
	at org.wildfly.extension.undertow.deployment.UndertowDeploymentInfoService$UndertowThreadSetupAction.lambda$create$0(UndertowDeploymentInfoService.java:1530)
	at org.wildfly.extension.undertow.deployment.UndertowDeploymentInfoService$UndertowThreadSetupAction.lambda$create$0(UndertowDeploymentInfoService.java:1530)
	at org.wildfly.extension.undertow.deployment.UndertowDeploymentInfoService$UndertowThreadSetupAction.lambda$create$0(UndertowDeploymentInfoService.java:1530)
	at io.undertow.servlet.handlers.ServletInitialHandler.dispatchRequest(ServletInitialHandler.java:249)
	at io.undertow.servlet.handlers.ServletInitialHandler.access$000(ServletInitialHandler.java:78)
	at io.undertow.servlet.handlers.ServletInitialHandler$1.handleRequest(ServletInitialHandler.java:99)
	at io.undertow.server.Connectors.executeRootHandler(Connectors.java:387)
	at io.undertow.server.HttpServerExchange$1.run(HttpServerExchange.java:841)
	at org.jboss.threads.ContextClassLoaderSavingRunnable.run(ContextClassLoaderSavingRunnable.java:35)
	at org.jboss.threads.EnhancedQueueExecutor.safeRun(EnhancedQueueExecutor.java:1990)
	at org.jboss.threads.EnhancedQueueExecutor$ThreadBody.doRunTask(EnhancedQueueExecutor.java:1486)
	at org.jboss.threads.EnhancedQueueExecutor$ThreadBody.run(EnhancedQueueExecutor.java:1377)
	at org.xnio.XnioWorker$WorkerThreadFactory$1$1.run(XnioWorker.java:1280)
	at java.lang.Thread.run(Unknown Source)
Caused by: javax.resource.ResourceException: SQLException
	at org.jboss.jca.adapters.jdbc.BaseWrapperManagedConnection.checkException(BaseWrapperManagedConnection.java:1187)
	at org.jboss.jca.adapters.jdbc.local.LocalManagedConnection.commit(LocalManagedConnection.java:107)
	at org.jboss.jca.core.tx.jbossts.LocalXAResourceImpl.commit(LocalXAResourceImpl.java:172)
	... 62 more
Caused by: com.microsoft.sqlserver.jdbc.SQLServerException: The connection is closed.
	at com.microsoft.sqlserver.jdbc.SQLServerException.makeFromDriverError(SQLServerException.java:234)
	at com.microsoft.sqlserver.jdbc.SQLServerConnection.checkClosed(SQLServerConnection.java:1088)
	at com.microsoft.sqlserver.jdbc.SQLServerConnection.commit(SQLServerConnection.java:3141)
	at org.jboss.jca.adapters.jdbc.local.LocalManagedConnection.commit(LocalManagedConnection.java:96)
	... 63 more

2021-12-09 00:15:41,023 ERROR [io.undertow.request] (default task-1) UT005023: Exception handling request to /auth/realms/master/login-actions/authenticate: java.lang.RuntimeException: javax.transaction.RollbackException: ARJUNA016053: Could not commit transaction.
	at org.keycloak.transaction.JtaTransactionWrapper.handleException(JtaTransactionWrapper.java:78)
	at org.keycloak.transaction.JtaTransactionWrapper.commit(JtaTransactionWrapper.java:92)
	at org.keycloak.services.DefaultKeycloakTransactionManager.commit(DefaultKeycloakTransactionManager.java:136)
	at org.keycloak.services.filters.AbstractRequestFilter.close(AbstractRequestFilter.java:64)
	at org.keycloak.services.filters.AbstractRequestFilter.filter(AbstractRequestFilter.java:49)
	at org.keycloak.provider.wildfly.WildFlyRequestFilter.doFilter(WildFlyRequestFilter.java:39)
	at io.undertow.servlet.core.ManagedFilter.doFilter(ManagedFilter.java:61)
	at io.undertow.servlet.handlers.FilterHandler$FilterChainImpl.doFilter(FilterHandler.java:131)
	at io.undertow.servlet.handlers.FilterHandler.handleRequest(FilterHandler.java:84)
	at io.undertow.servlet.handlers.security.ServletSecurityRoleHandler.handleRequest(ServletSecurityRoleHandler.java:62)
	at io.undertow.servlet.handlers.ServletChain$1.handleRequest(ServletChain.java:68)
	at io.undertow.servlet.handlers.ServletDispatchingHandler.handleRequest(ServletDispatchingHandler.java:36)
	at org.wildfly.extension.undertow.security.SecurityContextAssociationHandler.handleRequest(SecurityContextAssociationHandler.java:78)
	at io.undertow.server.handlers.PredicateHandler.handleRequest(PredicateHandler.java:43)
	at io.undertow.servlet.handlers.RedirectDirHandler.handleRequest(RedirectDirHandler.java:68)
	at io.undertow.servlet.handlers.security.SSLInformationAssociationHandler.handleRequest(SSLInformationAssociationHandler.java:117)
	at io.undertow.servlet.handlers.security.ServletAuthenticationCallHandler.handleRequest(ServletAuthenticationCallHandler.java:57)
	at io.undertow.server.handlers.PredicateHandler.handleRequest(PredicateHandler.java:43)
	at io.undertow.security.handlers.AbstractConfidentialityHandler.handleRequest(AbstractConfidentialityHandler.java:46)
	at io.undertow.servlet.handlers.security.ServletConfidentialityConstraintHandler.handleRequest(ServletConfidentialityConstraintHandler.java:64)
	at io.undertow.security.handlers.AuthenticationMechanismsHandler.handleRequest(AuthenticationMechanismsHandler.java:60)
	at io.undertow.servlet.handlers.security.CachedAuthenticatedSessionHandler.handleRequest(CachedAuthenticatedSessionHandler.java:77)
	at io.undertow.security.handlers.NotificationReceiverHandler.handleRequest(NotificationReceiverHandler.java:50)
	at io.undertow.security.handlers.AbstractSecurityContextAssociationHandler.handleRequest(AbstractSecurityContextAssociationHandler.java:43)
	at io.undertow.server.handlers.PredicateHandler.handleRequest(PredicateHandler.java:43)
	at org.wildfly.extension.undertow.security.jacc.JACCContextIdHandler.handleRequest(JACCContextIdHandler.java:61)
	at io.undertow.server.handlers.PredicateHandler.handleRequest(PredicateHandler.java:43)
	at org.wildfly.extension.undertow.deployment.GlobalRequestControllerHandler.handleRequest(GlobalRequestControllerHandler.java:68)
	at io.undertow.servlet.handlers.SendErrorPageHandler.handleRequest(SendErrorPageHandler.java:52)
	at io.undertow.server.handlers.PredicateHandler.handleRequest(PredicateHandler.java:43)
	at io.undertow.servlet.handlers.ServletInitialHandler.handleFirstRequest(ServletInitialHandler.java:269)
	at io.undertow.servlet.handlers.ServletInitialHandler.access$100(ServletInitialHandler.java:78)
	at io.undertow.servlet.handlers.ServletInitialHandler$2.call(ServletInitialHandler.java:133)
	at io.undertow.servlet.handlers.ServletInitialHandler$2.call(ServletInitialHandler.java:130)
	at io.undertow.servlet.core.ServletRequestContextThreadSetupAction$1.call(ServletRequestContextThreadSetupAction.java:48)
	at io.undertow.servlet.core.ContextClassLoaderSetupAction$1.call(ContextClassLoaderSetupAction.java:43)
	at org.wildfly.extension.undertow.security.SecurityContextThreadSetupAction.lambda$create$0(SecurityContextThreadSetupAction.java:105)
	at org.wildfly.extension.undertow.deployment.UndertowDeploymentInfoService$UndertowThreadSetupAction.lambda$create$0(UndertowDeploymentInfoService.java:1530)
	at org.wildfly.extension.undertow.deployment.UndertowDeploymentInfoService$UndertowThreadSetupAction.lambda$create$0(UndertowDeploymentInfoService.java:1530)
	at org.wildfly.extension.undertow.deployment.UndertowDeploymentInfoService$UndertowThreadSetupAction.lambda$create$0(UndertowDeploymentInfoService.java:1530)
	at org.wildfly.extension.undertow.deployment.UndertowDeploymentInfoService$UndertowThreadSetupAction.lambda$create$0(UndertowDeploymentInfoService.java:1530)
	at io.undertow.servlet.handlers.ServletInitialHandler.dispatchRequest(ServletInitialHandler.java:249)
	at io.undertow.servlet.handlers.ServletInitialHandler.access$000(ServletInitialHandler.java:78)
	at io.undertow.servlet.handlers.ServletInitialHandler$1.handleRequest(ServletInitialHandler.java:99)
	at io.undertow.server.Connectors.executeRootHandler(Connectors.java:387)
	at io.undertow.server.HttpServerExchange$1.run(HttpServerExchange.java:841)
	at org.jboss.threads.ContextClassLoaderSavingRunnable.run(ContextClassLoaderSavingRunnable.java:35)
	at org.jboss.threads.EnhancedQueueExecutor.safeRun(EnhancedQueueExecutor.java:1990)
	at org.jboss.threads.EnhancedQueueExecutor$ThreadBody.doRunTask(EnhancedQueueExecutor.java:1486)
	at org.jboss.threads.EnhancedQueueExecutor$ThreadBody.run(EnhancedQueueExecutor.java:1377)
	at org.xnio.XnioWorker$WorkerThreadFactory$1$1.run(XnioWorker.java:1280)
	at java.lang.Thread.run(Unknown Source)
Caused by: javax.transaction.RollbackException: ARJUNA016053: Could not commit transaction.
	at com.arjuna.ats.internal.jta.transaction.arjunacore.TransactionImple.commitAndDisassociate(TransactionImple.java:1307)
	at com.arjuna.ats.internal.jta.transaction.arjunacore.BaseTransaction.commit(BaseTransaction.java:126)
	at com.arjuna.ats.jbossatx.BaseTransactionManagerDelegate.commit(BaseTransactionManagerDelegate.java:94)
	at org.wildfly.transaction.client.LocalTransaction.commitAndDissociate(LocalTransaction.java:78)
	at org.wildfly.transaction.client.ContextTransactionManager.commit(ContextTransactionManager.java:71)
	at org.keycloak.transaction.JtaTransactionWrapper.commit(JtaTransactionWrapper.java:90)
	... 50 more
	Suppressed: org.jboss.jca.core.spi.transaction.local.LocalXAException: IJ001156: Could not commit local transaction
		at org.jboss.jca.core.tx.jbossts.LocalXAResourceImpl.commit(LocalXAResourceImpl.java:182)
		at com.arjuna.ats.internal.jta.resources.arjunacore.XAOnePhaseResource.commit(XAOnePhaseResource.java:120)
		at com.arjuna.ats.internal.arjuna.abstractrecords.LastResourceRecord.topLevelOnePhaseCommit(LastResourceRecord.java:172)
		at com.arjuna.ats.arjuna.coordinator.BasicAction.onePhaseCommit(BasicAction.java:2395)
		at com.arjuna.ats.arjuna.coordinator.BasicAction.End(BasicAction.java:1497)
		at com.arjuna.ats.arjuna.coordinator.TwoPhaseCoordinator.end(TwoPhaseCoordinator.java:96)
		at com.arjuna.ats.arjuna.AtomicAction.commit(AtomicAction.java:162)
		at com.arjuna.ats.internal.jta.transaction.arjunacore.TransactionImple.commitAndDisassociate(TransactionImple.java:1295)
		... 55 more
	Caused by: javax.resource.ResourceException: SQLException
		at org.jboss.jca.adapters.jdbc.BaseWrapperManagedConnection.checkException(BaseWrapperManagedConnection.java:1187)
		at org.jboss.jca.adapters.jdbc.local.LocalManagedConnection.commit(LocalManagedConnection.java:107)
		at org.jboss.jca.core.tx.jbossts.LocalXAResourceImpl.commit(LocalXAResourceImpl.java:172)
		... 62 more
	Caused by: com.microsoft.sqlserver.jdbc.SQLServerException: The connection is closed.
		at com.microsoft.sqlserver.jdbc.SQLServerException.makeFromDriverError(SQLServerException.java:234)
		at com.microsoft.sqlserver.jdbc.SQLServerConnection.checkClosed(SQLServerConnection.java:1088)
		at com.microsoft.sqlserver.jdbc.SQLServerConnection.commit(SQLServerConnection.java:3141)
		at org.jboss.jca.adapters.jdbc.local.LocalManagedConnection.commit(LocalManagedConnection.java:96)
		... 63 more

2021-12-09 01:35:55,205 INFO  [org.jboss.as.server] (Thread-2) WFLYSRV0272: Suspending server
2021-12-09 01:35:55,245 INFO  [org.jboss.as.ejb3] (Thread-2) WFLYEJB0493: Jakarta Enterprise Beans subsystem suspension complete
2021-12-09 01:35:55,274 INFO  [org.jboss.as.server] (Thread-2) WFLYSRV0220: Server shutdown has been requested via an OS signal
2021-12-09 01:35:55,401 INFO  [org.jboss.as.connector.subsystems.datasources] (MSC service thread 1-3) WFLYJCA0010: Unbound data source [java:jboss/datasources/KeycloakDS]
2021-12-09 01:35:55,429 INFO  [org.jboss.as.mail.extension] (MSC service thread 1-1) WFLYMAIL0002: Unbound mail session [java:jboss/mail/Default]
2021-12-09 01:35:55,444 INFO  [org.wildfly.extension.undertow] (ServerService Thread Pool -- 69) WFLYUT0022: Unregistered web context: '/auth' from server 'default-server'
2021-12-09 01:35:55,450 INFO  [org.wildfly.extension.undertow] (MSC service thread 1-5) WFLYUT0008: Undertow HTTPS listener https suspending
2021-12-09 01:35:55,458 INFO  [org.wildfly.extension.undertow] (MSC service thread 1-5) WFLYUT0007: Undertow HTTPS listener https stopped, was bound to 127.0.0.1:8443
2021-12-09 01:35:55,521 INFO  [org.jboss.as.connector.subsystems.datasources] (MSC service thread 1-5) WFLYJCA0010: Unbound data source [java:jboss/datasources/ExampleDS]
2021-12-09 01:35:55,525 INFO  [org.jboss.as.connector.deployers.jdbc] (MSC service thread 1-4) WFLYJCA0019: Stopped Driver service with driver-name = h2
2021-12-09 01:35:55,534 INFO  [org.wildfly.extension.undertow] (MSC service thread 1-8) WFLYUT0019: Host default-host stopping
2021-12-09 01:35:55,570 INFO  [org.jboss.as.clustering.infinispan] (ServerService Thread Pool -- 77) WFLYCLINF0003: Stopped offlineSessions cache from keycloak container
2021-12-09 01:35:55,572 INFO  [org.jboss.as.clustering.infinispan] (ServerService Thread Pool -- 75) WFLYCLINF0003: Stopped work cache from keycloak container
2021-12-09 01:35:55,574 INFO  [org.jboss.as.clustering.infinispan] (ServerService Thread Pool -- 79) WFLYCLINF0003: Stopped clientSessions cache from keycloak container
2021-12-09 01:35:55,585 INFO  [org.jboss.as.clustering.infinispan] (ServerService Thread Pool -- 69) WFLYCLINF0003: Stopped actionTokens cache from keycloak container
2021-12-09 01:35:55,585 INFO  [org.jboss.as.clustering.infinispan] (ServerService Thread Pool -- 72) WFLYCLINF0003: Stopped offlineClientSessions cache from keycloak container
2021-12-09 01:35:55,585 INFO  [org.jboss.as.clustering.infinispan] (ServerService Thread Pool -- 76) WFLYCLINF0003: Stopped sessions cache from keycloak container
2021-12-09 01:35:55,585 INFO  [org.jboss.as.clustering.infinispan] (ServerService Thread Pool -- 74) WFLYCLINF0003: Stopped loginFailures cache from keycloak container
2021-12-09 01:35:55,588 INFO  [org.jboss.as.clustering.infinispan] (ServerService Thread Pool -- 78) WFLYCLINF0003: Stopped authorization cache from keycloak container
2021-12-09 01:35:55,586 INFO  [org.wildfly.extension.undertow] (MSC service thread 1-2) WFLYUT0008: Undertow HTTP listener default suspending
2021-12-09 01:35:55,588 INFO  [org.jboss.as.clustering.infinispan] (ServerService Thread Pool -- 81) WFLYCLINF0003: Stopped keys cache from keycloak container
2021-12-09 01:35:55,584 INFO  [org.jboss.as.clustering.infinispan] (ServerService Thread Pool -- 70) WFLYCLINF0003: Stopped authenticationSessions cache from keycloak container
2021-12-09 01:35:55,612 INFO  [org.wildfly.extension.undertow] (MSC service thread 1-2) WFLYUT0007: Undertow HTTP listener default stopped, was bound to 127.0.0.1:8080
2021-12-09 01:35:55,614 INFO  [org.jboss.as.clustering.infinispan] (ServerService Thread Pool -- 71) WFLYCLINF0003: Stopped users cache from keycloak container
2021-12-09 01:35:55,614 INFO  [org.jboss.as.server.deployment] (MSC service thread 1-3) WFLYSRV0028: Stopped deployment keycloak-server.war (runtime-name: keycloak-server.war) in 280ms
2021-12-09 01:35:55,621 INFO  [org.wildfly.extension.undertow] (MSC service thread 1-5) WFLYUT0004: Undertow 2.2.5.Final stopping
2021-12-09 01:35:55,639 INFO  [org.jboss.as.clustering.infinispan] (ServerService Thread Pool -- 80) WFLYCLINF0003: Stopped realms cache from keycloak container
2021-12-09 01:35:55,652 INFO  [org.infinispan.manager.DefaultCacheManager] (ServerService Thread Pool -- 71) Stopping cache manager null on null
2021-12-09 01:35:55,687 INFO  [org.jboss.as.connector.deployers.jdbc] (MSC service thread 1-8) WFLYJCA0019: Stopped Driver service with driver-name = sqlserver
2021-12-09 01:35:55,779 INFO  [org.jboss.as.clustering.infinispan] (ServerService Thread Pool -- 73) WFLYCLINF0003: Stopped http-remoting-connector cache from ejb container
2021-12-09 01:35:55,781 INFO  [org.infinispan.manager.DefaultCacheManager] (ServerService Thread Pool -- 73) Stopping cache manager null on null
2021-12-09 01:35:55,793 INFO  [org.jboss.as] (MSC service thread 1-7) WFLYSRV0050: Keycloak 15.0.2 (WildFly Core 15.0.1.Final) stopped in 458ms
